<?xml version="1.0" encoding="UTF-8"?>
<!-- Generated by org.testng.reporters.JUnitReportReporter -->
<testsuite skipped="0" hostname="noishuhp3090" name="com.pom.test.GmailLoginImp" tests="1" failures="0" timestamp="25 Oct 2018 05:55:17 GMT" time="8.019" errors="0">
  <testcase name="loginToGmail" time="8.019" classname="com.pom.test.GmailLoginImp"/>
</testsuite> <!-- com.pom.test.GmailLoginImp -->
