<?xml version="1.0" encoding="UTF-8"?>
<!-- Generated by org.testng.reporters.JUnitReportReporter -->
<testsuite skipped="0" hostname="noishuhp3090" name="com.dataprovider.test.DataProviderITestContext" tests="5" failures="0" timestamp="24 Oct 2018 12:01:49 GMT" time="146.421" errors="0">
  <testcase name="searchText" time="23.291" classname="com.dataprovider.test.DataProviderITestContext"/>
  <testcase name="searchText" time="22.682" classname="com.dataprovider.test.DataProviderITestContext"/>
  <testcase name="loginToGmail" time="44.116" classname="com.dataprovider.test.DataProviderITestContext"/>
  <testcase name="searchText" time="28.253" classname="com.dataprovider.test.DataProviderITestContext"/>
  <testcase name="loginToGmail" time="28.079" classname="com.dataprovider.test.DataProviderITestContext"/>
</testsuite> <!-- com.dataprovider.test.DataProviderITestContext -->
