<?xml version="1.0" encoding="UTF-8"?>
<!-- Generated by org.testng.reporters.JUnitReportReporter -->
<testsuite skipped="0" hostname="noishuhp3090" name="com.pagefactory.test.PageFactoryImplementation" tests="1" failures="0" timestamp="25 Oct 2018 10:18:01 GMT" time="10.392" errors="0">
  <testcase name="LoginToPage" time="10.392" classname="com.pagefactory.test.PageFactoryImplementation"/>
</testsuite> <!-- com.pagefactory.test.PageFactoryImplementation -->
