<?xml version="1.0" encoding="UTF-8"?>
<!-- Generated by org.testng.reporters.JUnitReportReporter -->
<testsuite skipped="0" hostname="noishuhp3090" name="com.screenshot.test.TestScreenShot" tests="1" failures="0" timestamp="26 Oct 2018 04:54:25 GMT" time="20.643" errors="0">
  <testcase name="TestTakeScreenshot" time="20.643" classname="com.screenshot.test.TestScreenShot"/>
</testsuite> <!-- com.screenshot.test.TestScreenShot -->
